<?xml version="1.0" encoding="UTF-8"?>
<!-- Generated by org.testng.reporters.JUnitReportReporter -->
<testsuite skipped="0" hostname="Jack.local" name="makemytrip.test.Test_Homepage" tests="2" failures="0" timestamp="26 Sep 2019 06:14:28 GMT" time="0.001" errors="0">
  <testcase name="enterToCity" time="0.000" classname="makemytrip.test.Test_Homepage"/>
  <testcase name="enterFromCity" time="0.001" classname="makemytrip.test.Test_Homepage"/>
</testsuite> <!-- makemytrip.test.Test_Homepage -->
