<?xml version="1.0" encoding="UTF-8"?>
<!-- Generated by org.testng.reporters.JUnitReportReporter -->
<testsuite skipped="0" hostname="Jack.local" name="Zeta_Project.Test_Scripts.TestHomePage" tests="2" failures="0" timestamp="26 Sep 2019 08:02:31 GMT" time="0.000" errors="0">
  <testcase name="enterToCity" time="0.000" classname="Zeta_Project.Test_Scripts.TestHomePage"/>
  <testcase name="enterFromCity" time="0.000" classname="Zeta_Project.Test_Scripts.TestHomePage"/>
</testsuite> <!-- Zeta_Project.Test_Scripts.TestHomePage -->
